打开网页
开始查询第1页数据，当前页共计20条数据
['广发证券股份有限公司', '91440000126335439C', '762108.766万', '222400000001337', '126335439', '广东省广州市黄埔区中新广州知识城腾飞一街2号618室附近公司', '资本市场服务']
['中信建投证券股份有限公司', '91110000781703453H', '764638.524万', '110000009017684', '781703453', '北京市朝阳区安立路66号4号楼附近公司', '资本市场服务']
['国泰君安证券股份有限公司', '9131000063159284XQ', '871393.38万人民币', '310000000071276', '63159284X', '中国（上海）自由贸易试验区商城路618号附近公司', '资本市场服务']
['兴业证券股份有限公司', '91350000158159898D', '669667.167万人民币', '350000100007510', '158159898', '福州市湖东路268号附近公司', '资本市场服务']
['方正证券股份有限公司', '914300001429279950', '823210.14万人民币', '330000000013908', '142927995', '长沙市天心区湘江中路二段36号华远华中心4、5号楼3701-3717附近公司', '资本市场服务']
['申万宏源证券有限公司', '913100003244445565', '4300000万人民币', '310000000136970', '324444556', '上海市徐汇区长乐路989号45层附近公司', '资本市场服务']
['华创证券有限责任公司', '91520000730967897P', '922592.314万', '520000000022109', '730967897', '贵州省贵阳市云岩区中华北路216号附近公司', '商务服务业']
['海通证券股份有限公司', '9131000013220921X6', '1150170万人民币', '3100001003348', '13220921X', '上海市广东路689号附近公司', '资本市场服务']
['中泰证券股份有限公司', '91370000729246347A', '627176.318万人民币', '370000018067809', '729246347', '济南市市中区经七路86号附近公司', '资本市场服务']
['东海证券股份有限公司', '91320400137180719N', '167000万人民币', '320400000001485', '137180719', '常州市延陵西路23号投资广场18层附近公司', '资本市场服务']
['平安证券股份有限公司绍兴解放大道证券营业部', '91330602MA2BEPL76R', '-', '330602000144035', 'MA2BEPL76', '浙江省绍兴市越城区越发大厦1904室附近公司', '资本市场服务']
['中信证券投资有限公司', '91370212591286847J', '1400000万', '370212020001525', '591286847', '青岛市崂山区深圳路222号国际金融广场1号楼2001户附近公司', '资本市场服务']
['平安证券股份有限公司', '914403001000234534', '1380000万人民币', '100000000023458', '100023453', '深圳市福田区益田路5033号平安金融中心61层-64层附近公司', '资本市场服务']
['九州证券股份有限公司', '916300007105213377', '337000万', '630000100019052', '710521337', '西宁市南川工业园区创业路108号附近公司', '资本市场服务']
['中信证券股份有限公司', '914403001017814402', '1211690.84万人民币', '100000000018305', '101781440', '广东省深圳市福田区中心三路8号卓越时代广场（二期）北座附近公司', '资本市场服务']
['东吴证券股份有限公司', '91320000137720519P', '300000万人民币', '320500000004432', '137720519', '苏州工业园区星阳街5号附近公司', '资本市场服务']
['华西证券股份有限公司', '91510000201811328M', '262500万人民币', '510000000014690', '201811328', '成都市高新区天府二街198号附近公司', '资本市场服务']
['国开证券股份有限公司', '91110000757703541Y', '950000万人民币', '110000006370338', '757703541', '北京市西城区阜成门外大街29号1-9层附近公司', '资本市场服务']
['华龙证券股份有限公司', '91620000719077033J', '633519.452万人民币', '620000000001727', '719077033', '兰州市城关区东岗西路638号兰州财富中心21楼附近公司', '资本市场服务']
['国信证券股份有限公司', '914403001922784445', '820000万人民币', '440301103244209', '192278444', '深圳市罗湖区红岭中路1012号国信证券大厦十六层至二十六层附近公司', '资本市场服务']
查询结束，总计1页
开始创建表格
列名共7条,正在添加	企业名称
列名共7条,正在添加	统一社会信用代码
列名共7条,正在添加	注册资本
列名共7条,正在添加	工商注册号
列名共7条,正在添加	组织机构代码
列名共7条,正在添加	注册地址
列名共7条,正在添加	行业
开始写入数据
共计20条数据，当前为1条，企业名称为	广发证券股份有限公司
共计20条数据，当前为2条，企业名称为	中信建投证券股份有限公司
共计20条数据，当前为3条，企业名称为	国泰君安证券股份有限公司
共计20条数据，当前为4条，企业名称为	兴业证券股份有限公司
共计20条数据，当前为5条，企业名称为	方正证券股份有限公司
共计20条数据，当前为6条，企业名称为	申万宏源证券有限公司
共计20条数据，当前为7条，企业名称为	华创证券有限责任公司
共计20条数据，当前为8条，企业名称为	海通证券股份有限公司
共计20条数据，当前为9条，企业名称为	中泰证券股份有限公司
共计20条数据，当前为10条，企业名称为	东海证券股份有限公司
共计20条数据，当前为11条，企业名称为	平安证券股份有限公司绍兴解放大道证券营业部
共计20条数据，当前为12条，企业名称为	中信证券投资有限公司
共计20条数据，当前为13条，企业名称为	平安证券股份有限公司
共计20条数据，当前为14条，企业名称为	九州证券股份有限公司
共计20条数据，当前为15条，企业名称为	中信证券股份有限公司
共计20条数据，当前为16条，企业名称为	东吴证券股份有限公司
共计20条数据，当前为17条，企业名称为	华西证券股份有限公司
共计20条数据，当前为18条，企业名称为	国开证券股份有限公司
共计20条数据，当前为19条，企业名称为	华龙证券股份有限公司
共计20条数据，当前为20条，企业名称为	国信证券股份有限公司
保存表格成功,当前时间为: 2019-03-28 15:47:11
