打开网页
搜索成功
开始抓取
数据头为13条,当前数据为	指标
数据头为13条,当前数据为	2018年11月
数据头为13条,当前数据为	2018年10月
数据头为13条,当前数据为	2018年9月
数据头为13条,当前数据为	2018年8月
数据头为13条,当前数据为	2018年7月
数据头为13条,当前数据为	2018年6月
数据头为13条,当前数据为	2018年5月
数据头为13条,当前数据为	2018年4月
数据头为13条,当前数据为	2018年3月
数据头为13条,当前数据为	2018年2月
数据头为13条,当前数据为	2018年1月
数据头为13条,当前数据为	2017年12月
================================================
总计117条,当前数据为	居民消费价格指数(上年同月=100)
总计117条,当前数据为	102.2
总计117条,当前数据为	102.5
总计117条,当前数据为	102.5
总计117条,当前数据为	102.3
总计117条,当前数据为	102.1
总计117条,当前数据为	101.9
总计117条,当前数据为	101.8
总计117条,当前数据为	101.8
总计117条,当前数据为	102.1
总计117条,当前数据为	102.9
总计117条,当前数据为	101.5
总计117条,当前数据为	101.8
==========================================
总计117条,当前数据为	食品烟酒类居民消费价格指数(上年同月=100)
总计117条,当前数据为	102.5
总计117条,当前数据为	102.9
总计117条,当前数据为	103.0
总计117条,当前数据为	101.9
总计117条,当前数据为	101.0
总计117条,当前数据为	100.8
总计117条,当前数据为	100.7
总计117条,当前数据为	101.1
总计117条,当前数据为	102.0
总计117条,当前数据为	103.6
总计117条,当前数据为	100.2
总计117条,当前数据为	100.3
=========================================================
总计117条,当前数据为	衣着类居民消费价格指数(上年同月=100)
总计117条,当前数据为	101.4
总计117条,当前数据为	101.4
总计117条,当前数据为	101.2
总计117条,当前数据为	101.3
总计117条,当前数据为	101.2
总计117条,当前数据为	101.1
总计117条,当前数据为	101.1
总计117条,当前数据为	101.1
总计117条,当前数据为	101.1
总计117条,当前数据为	101.1
总计117条,当前数据为	101.4
总计117条,当前数据为	101.3
===================================================
总计117条,当前数据为	居住类居民消费价格指数(上年同月=100)
总计117条,当前数据为	102.4
总计117条,当前数据为	102.5
总计117条,当前数据为	102.6
总计117条,当前数据为	102.5
总计117条,当前数据为	102.4
总计117条,当前数据为	102.3
总计117条,当前数据为	102.2
总计117条,当前数据为	102.2
总计117条,当前数据为	102.2
总计117条,当前数据为	102.2
总计117条,当前数据为	102.7
总计117条,当前数据为	102.8
===================================================
总计117条,当前数据为	生活用品及服务类居民消费价格指数(上年同月=100)
总计117条,当前数据为	101.5
总计117条,当前数据为	101.5
总计117条,当前数据为	101.6
总计117条,当前数据为	101.6
总计117条,当前数据为	101.6
总计117条,当前数据为	101.5
总计117条,当前数据为	101.5
总计117条,当前数据为	101.5
总计117条,当前数据为	101.6
总计117条,当前数据为	101.8
总计117条,当前数据为	101.5
总计117条,当前数据为	101.6
==================================================================
总计117条,当前数据为	交通和通信类居民消费价格指数(上年同月=100)
总计117条,当前数据为	101.6
总计117条,当前数据为	103.2
总计117条,当前数据为	102.8
总计117条,当前数据为	102.7
总计117条,当前数据为	103.0
总计117条,当前数据为	102.4
总计117条,当前数据为	101.8
总计117条,当前数据为	101.1
总计117条,当前数据为	100.3
总计117条,当前数据为	101.5
总计117条,当前数据为	100.2
总计117条,当前数据为	101.2
============================================================
总计117条,当前数据为	教育文化和娱乐类居民消费价格指数(上年同月=100)
总计117条,当前数据为	102.5
总计117条,当前数据为	102.5
总计117条,当前数据为	102.2
总计117条,当前数据为	102.6
总计117条,当前数据为	102.3
总计117条,当前数据为	101.8
总计117条,当前数据为	101.9
总计117条,当前数据为	102.0
总计117条,当前数据为	102.2
总计117条,当前数据为	103.7
总计117条,当前数据为	100.9
总计117条,当前数据为	102.1
==================================================================
总计117条,当前数据为	医疗保健类居民消费价格指数(上年同月=100)
总计117条,当前数据为	102.6
总计117条,当前数据为	102.6
总计117条,当前数据为	102.7
总计117条,当前数据为	104.3
总计117条,当前数据为	104.6
总计117条,当前数据为	105.0
总计117条,当前数据为	105.1
总计117条,当前数据为	105.2
总计117条,当前数据为	105.7
总计117条,当前数据为	106.0
总计117条,当前数据为	106.2
总计117条,当前数据为	106.6
=========================================================
总计117条,当前数据为	其他用品和服务类居民消费价格指数(上年同月=100)
总计117条,当前数据为	101.5
总计117条,当前数据为	101.3
总计117条,当前数据为	100.7
总计117条,当前数据为	101.2
总计117条,当前数据为	101.2
总计117条,当前数据为	100.9
总计117条,当前数据为	101.0
总计117条,当前数据为	100.9
总计117条,当前数据为	101.2
总计117条,当前数据为	101.7
总计117条,当前数据为	101.2
总计117条,当前数据为	101.9
==================================================================
list index out of range
保存表格成功,当前时间为: 2019-01-11 15:24:20
打开网页
搜索成功
开始抓取
数据头为13条,当前数据为	指标
数据头为13条,当前数据为	2018年11月
数据头为13条,当前数据为	2018年10月
数据头为13条,当前数据为	2018年9月
数据头为13条,当前数据为	2018年8月
数据头为13条,当前数据为	2018年7月
数据头为13条,当前数据为	2018年6月
数据头为13条,当前数据为	2018年5月
数据头为13条,当前数据为	2018年4月
数据头为13条,当前数据为	2018年3月
数据头为13条,当前数据为	2018年2月
数据头为13条,当前数据为	2018年1月
数据头为13条,当前数据为	2017年12月
================================================
总计117条,当前数据为	居民消费价格指数(上年同月=100)
总计117条,当前数据为	102.2
总计117条,当前数据为	102.5
总计117条,当前数据为	102.5
总计117条,当前数据为	102.3
总计117条,当前数据为	102.1
总计117条,当前数据为	101.9
总计117条,当前数据为	101.8
总计117条,当前数据为	101.8
总计117条,当前数据为	102.1
总计117条,当前数据为	102.9
总计117条,当前数据为	101.5
总计117条,当前数据为	101.8
==========================================
总计117条,当前数据为	食品烟酒类居民消费价格指数(上年同月=100)
总计117条,当前数据为	102.5
总计117条,当前数据为	102.9
总计117条,当前数据为	103.0
总计117条,当前数据为	101.9
总计117条,当前数据为	101.0
总计117条,当前数据为	100.8
总计117条,当前数据为	100.7
总计117条,当前数据为	101.1
总计117条,当前数据为	102.0
总计117条,当前数据为	103.6
总计117条,当前数据为	100.2
总计117条,当前数据为	100.3
=========================================================
总计117条,当前数据为	衣着类居民消费价格指数(上年同月=100)
总计117条,当前数据为	101.4
总计117条,当前数据为	101.4
总计117条,当前数据为	101.2
总计117条,当前数据为	101.3
总计117条,当前数据为	101.2
总计117条,当前数据为	101.1
总计117条,当前数据为	101.1
总计117条,当前数据为	101.1
总计117条,当前数据为	101.1
总计117条,当前数据为	101.1
总计117条,当前数据为	101.4
总计117条,当前数据为	101.3
===================================================
总计117条,当前数据为	居住类居民消费价格指数(上年同月=100)
总计117条,当前数据为	102.4
总计117条,当前数据为	102.5
总计117条,当前数据为	102.6
总计117条,当前数据为	102.5
总计117条,当前数据为	102.4
总计117条,当前数据为	102.3
总计117条,当前数据为	102.2
总计117条,当前数据为	102.2
总计117条,当前数据为	102.2
总计117条,当前数据为	102.2
总计117条,当前数据为	102.7
总计117条,当前数据为	102.8
===================================================
总计117条,当前数据为	生活用品及服务类居民消费价格指数(上年同月=100)
总计117条,当前数据为	101.5
总计117条,当前数据为	101.5
总计117条,当前数据为	101.6
总计117条,当前数据为	101.6
总计117条,当前数据为	101.6
总计117条,当前数据为	101.5
总计117条,当前数据为	101.5
总计117条,当前数据为	101.5
总计117条,当前数据为	101.6
总计117条,当前数据为	101.8
总计117条,当前数据为	101.5
总计117条,当前数据为	101.6
==================================================================
总计117条,当前数据为	交通和通信类居民消费价格指数(上年同月=100)
总计117条,当前数据为	101.6
总计117条,当前数据为	103.2
总计117条,当前数据为	102.8
总计117条,当前数据为	102.7
总计117条,当前数据为	103.0
总计117条,当前数据为	102.4
总计117条,当前数据为	101.8
总计117条,当前数据为	101.1
总计117条,当前数据为	100.3
总计117条,当前数据为	101.5
总计117条,当前数据为	100.2
总计117条,当前数据为	101.2
============================================================
总计117条,当前数据为	教育文化和娱乐类居民消费价格指数(上年同月=100)
总计117条,当前数据为	102.5
总计117条,当前数据为	102.5
总计117条,当前数据为	102.2
总计117条,当前数据为	102.6
总计117条,当前数据为	102.3
总计117条,当前数据为	101.8
总计117条,当前数据为	101.9
总计117条,当前数据为	102.0
总计117条,当前数据为	102.2
总计117条,当前数据为	103.7
总计117条,当前数据为	100.9
总计117条,当前数据为	102.1
==================================================================
总计117条,当前数据为	医疗保健类居民消费价格指数(上年同月=100)
总计117条,当前数据为	102.6
总计117条,当前数据为	102.6
总计117条,当前数据为	102.7
总计117条,当前数据为	104.3
总计117条,当前数据为	104.6
总计117条,当前数据为	105.0
总计117条,当前数据为	105.1
总计117条,当前数据为	105.2
总计117条,当前数据为	105.7
总计117条,当前数据为	106.0
总计117条,当前数据为	106.2
总计117条,当前数据为	106.6
=========================================================
总计117条,当前数据为	其他用品和服务类居民消费价格指数(上年同月=100)
总计117条,当前数据为	101.5
总计117条,当前数据为	101.3
总计117条,当前数据为	100.7
总计117条,当前数据为	101.2
总计117条,当前数据为	101.2
总计117条,当前数据为	100.9
总计117条,当前数据为	101.0
总计117条,当前数据为	100.9
总计117条,当前数据为	101.2
总计117条,当前数据为	101.7
总计117条,当前数据为	101.2
总计117条,当前数据为	101.9
==================================================================
list index out of range
保存表格成功,当前时间为: 2019-01-14 14:22:30
打开网页
搜索成功
开始抓取
数据头为13条,当前数据为	指标
数据头为13条,当前数据为	2018年11月
数据头为13条,当前数据为	2018年10月
数据头为13条,当前数据为	2018年9月
数据头为13条,当前数据为	2018年8月
数据头为13条,当前数据为	2018年7月
数据头为13条,当前数据为	2018年6月
数据头为13条,当前数据为	2018年5月
数据头为13条,当前数据为	2018年4月
数据头为13条,当前数据为	2018年3月
数据头为13条,当前数据为	2018年2月
数据头为13条,当前数据为	2018年1月
数据头为13条,当前数据为	2017年12月
================================================
总计117条,当前数据为	居民消费价格指数(上年同月=100)
总计117条,当前数据为	102.2
总计117条,当前数据为	102.5
总计117条,当前数据为	102.5
总计117条,当前数据为	102.3
总计117条,当前数据为	102.1
总计117条,当前数据为	101.9
总计117条,当前数据为	101.8
总计117条,当前数据为	101.8
总计117条,当前数据为	102.1
总计117条,当前数据为	102.9
总计117条,当前数据为	101.5
总计117条,当前数据为	101.8
==========================================
总计117条,当前数据为	食品烟酒类居民消费价格指数(上年同月=100)
总计117条,当前数据为	102.5
总计117条,当前数据为	102.9
总计117条,当前数据为	103.0
总计117条,当前数据为	101.9
总计117条,当前数据为	101.0
总计117条,当前数据为	100.8
总计117条,当前数据为	100.7
总计117条,当前数据为	101.1
总计117条,当前数据为	102.0
总计117条,当前数据为	103.6
总计117条,当前数据为	100.2
总计117条,当前数据为	100.3
=========================================================
总计117条,当前数据为	衣着类居民消费价格指数(上年同月=100)
总计117条,当前数据为	101.4
总计117条,当前数据为	101.4
总计117条,当前数据为	101.2
总计117条,当前数据为	101.3
总计117条,当前数据为	101.2
总计117条,当前数据为	101.1
总计117条,当前数据为	101.1
总计117条,当前数据为	101.1
总计117条,当前数据为	101.1
总计117条,当前数据为	101.1
总计117条,当前数据为	101.4
总计117条,当前数据为	101.3
===================================================
总计117条,当前数据为	居住类居民消费价格指数(上年同月=100)
总计117条,当前数据为	102.4
总计117条,当前数据为	102.5
总计117条,当前数据为	102.6
总计117条,当前数据为	102.5
总计117条,当前数据为	102.4
总计117条,当前数据为	102.3
总计117条,当前数据为	102.2
总计117条,当前数据为	102.2
总计117条,当前数据为	102.2
总计117条,当前数据为	102.2
总计117条,当前数据为	102.7
总计117条,当前数据为	102.8
===================================================
总计117条,当前数据为	生活用品及服务类居民消费价格指数(上年同月=100)
总计117条,当前数据为	101.5
总计117条,当前数据为	101.5
总计117条,当前数据为	101.6
总计117条,当前数据为	101.6
总计117条,当前数据为	101.6
总计117条,当前数据为	101.5
总计117条,当前数据为	101.5
总计117条,当前数据为	101.5
总计117条,当前数据为	101.6
总计117条,当前数据为	101.8
总计117条,当前数据为	101.5
总计117条,当前数据为	101.6
==================================================================
总计117条,当前数据为	交通和通信类居民消费价格指数(上年同月=100)
总计117条,当前数据为	101.6
总计117条,当前数据为	103.2
总计117条,当前数据为	102.8
总计117条,当前数据为	102.7
总计117条,当前数据为	103.0
总计117条,当前数据为	102.4
总计117条,当前数据为	101.8
总计117条,当前数据为	101.1
总计117条,当前数据为	100.3
总计117条,当前数据为	101.5
总计117条,当前数据为	100.2
总计117条,当前数据为	101.2
============================================================
总计117条,当前数据为	教育文化和娱乐类居民消费价格指数(上年同月=100)
总计117条,当前数据为	102.5
总计117条,当前数据为	102.5
总计117条,当前数据为	102.2
总计117条,当前数据为	102.6
总计117条,当前数据为	102.3
总计117条,当前数据为	101.8
总计117条,当前数据为	101.9
总计117条,当前数据为	102.0
总计117条,当前数据为	102.2
总计117条,当前数据为	103.7
总计117条,当前数据为	100.9
总计117条,当前数据为	102.1
==================================================================
总计117条,当前数据为	医疗保健类居民消费价格指数(上年同月=100)
总计117条,当前数据为	102.6
总计117条,当前数据为	102.6
总计117条,当前数据为	102.7
总计117条,当前数据为	104.3
总计117条,当前数据为	104.6
总计117条,当前数据为	105.0
总计117条,当前数据为	105.1
总计117条,当前数据为	105.2
总计117条,当前数据为	105.7
总计117条,当前数据为	106.0
总计117条,当前数据为	106.2
总计117条,当前数据为	106.6
=========================================================
总计117条,当前数据为	其他用品和服务类居民消费价格指数(上年同月=100)
总计117条,当前数据为	101.5
总计117条,当前数据为	101.3
总计117条,当前数据为	100.7
总计117条,当前数据为	101.2
总计117条,当前数据为	101.2
总计117条,当前数据为	100.9
总计117条,当前数据为	101.0
总计117条,当前数据为	100.9
总计117条,当前数据为	101.2
总计117条,当前数据为	101.7
总计117条,当前数据为	101.2
总计117条,当前数据为	101.9
==================================================================
list index out of range
保存表格成功,当前时间为: 2019-01-14 14:42:21
打开网页
搜索成功
开始抓取
数据头为14条,当前数据为	指标
数据头为14条,当前数据为	2018年12月
数据头为14条,当前数据为	2018年11月
数据头为14条,当前数据为	2018年10月
数据头为14条,当前数据为	2018年9月
数据头为14条,当前数据为	2018年8月
数据头为14条,当前数据为	2018年7月
数据头为14条,当前数据为	2018年6月
数据头为14条,当前数据为	2018年5月
数据头为14条,当前数据为	2018年4月
数据头为14条,当前数据为	2018年3月
数据头为14条,当前数据为	2018年2月
数据头为14条,当前数据为	2018年1月
数据头为14条,当前数据为	2017年12月
================================================
总计126条,当前数据为	居民消费价格指数(上年同月=100)
总计126条,当前数据为	101.9
总计126条,当前数据为	102.2
总计126条,当前数据为	102.5
总计126条,当前数据为	102.5
总计126条,当前数据为	102.3
总计126条,当前数据为	102.1
总计126条,当前数据为	101.9
总计126条,当前数据为	101.8
总计126条,当前数据为	101.8
总计126条,当前数据为	102.1
总计126条,当前数据为	102.9
总计126条,当前数据为	101.5
总计126条,当前数据为	101.8
==========================================
总计126条,当前数据为	食品烟酒类居民消费价格指数(上年同月=100)
总计126条,当前数据为	102.4
总计126条,当前数据为	102.5
总计126条,当前数据为	102.9
总计126条,当前数据为	103.0
总计126条,当前数据为	101.9
总计126条,当前数据为	101.0
总计126条,当前数据为	100.8
总计126条,当前数据为	100.7
总计126条,当前数据为	101.1
总计126条,当前数据为	102.0
总计126条,当前数据为	103.6
总计126条,当前数据为	100.2
总计126条,当前数据为	100.3
=========================================================
总计126条,当前数据为	衣着类居民消费价格指数(上年同月=100)
总计126条,当前数据为	101.5
总计126条,当前数据为	101.4
总计126条,当前数据为	101.4
总计126条,当前数据为	101.2
总计126条,当前数据为	101.3
总计126条,当前数据为	101.2
总计126条,当前数据为	101.1
总计126条,当前数据为	101.1
总计126条,当前数据为	101.1
总计126条,当前数据为	101.1
总计126条,当前数据为	101.1
总计126条,当前数据为	101.4
总计126条,当前数据为	101.3
===================================================
总计126条,当前数据为	居住类居民消费价格指数(上年同月=100)
总计126条,当前数据为	102.2
总计126条,当前数据为	102.4
总计126条,当前数据为	102.5
总计126条,当前数据为	102.6
总计126条,当前数据为	102.5
总计126条,当前数据为	102.4
总计126条,当前数据为	102.3
总计126条,当前数据为	102.2
总计126条,当前数据为	102.2
总计126条,当前数据为	102.2
总计126条,当前数据为	102.2
总计126条,当前数据为	102.7
总计126条,当前数据为	102.8
===================================================
总计126条,当前数据为	生活用品及服务类居民消费价格指数(上年同月=100)
总计126条,当前数据为	101.4
总计126条,当前数据为	101.5
总计126条,当前数据为	101.5
总计126条,当前数据为	101.6
总计126条,当前数据为	101.6
总计126条,当前数据为	101.6
总计126条,当前数据为	101.5
总计126条,当前数据为	101.5
总计126条,当前数据为	101.5
总计126条,当前数据为	101.6
总计126条,当前数据为	101.8
总计126条,当前数据为	101.5
总计126条,当前数据为	101.6
==================================================================
总计126条,当前数据为	交通和通信类居民消费价格指数(上年同月=100)
总计126条,当前数据为	99.3
总计126条,当前数据为	101.6
总计126条,当前数据为	103.2
总计126条,当前数据为	102.8
总计126条,当前数据为	102.7
总计126条,当前数据为	103.0
总计126条,当前数据为	102.4
总计126条,当前数据为	101.8
总计126条,当前数据为	101.1
总计126条,当前数据为	100.3
总计126条,当前数据为	101.5
总计126条,当前数据为	100.2
总计126条,当前数据为	101.2
============================================================
总计126条,当前数据为	教育文化和娱乐类居民消费价格指数(上年同月=100)
总计126条,当前数据为	102.3
总计126条,当前数据为	102.5
总计126条,当前数据为	102.5
总计126条,当前数据为	102.2
总计126条,当前数据为	102.6
总计126条,当前数据为	102.3
总计126条,当前数据为	101.8
总计126条,当前数据为	101.9
总计126条,当前数据为	102.0
总计126条,当前数据为	102.2
总计126条,当前数据为	103.7
总计126条,当前数据为	100.9
总计126条,当前数据为	102.1
==================================================================
总计126条,当前数据为	医疗保健类居民消费价格指数(上年同月=100)
总计126条,当前数据为	102.5
总计126条,当前数据为	102.6
总计126条,当前数据为	102.6
总计126条,当前数据为	102.7
总计126条,当前数据为	104.3
总计126条,当前数据为	104.6
总计126条,当前数据为	105.0
总计126条,当前数据为	105.1
总计126条,当前数据为	105.2
总计126条,当前数据为	105.7
总计126条,当前数据为	106.0
总计126条,当前数据为	106.2
总计126条,当前数据为	106.6
=========================================================
总计126条,当前数据为	其他用品和服务类居民消费价格指数(上年同月=100)
总计126条,当前数据为	101.6
总计126条,当前数据为	101.5
总计126条,当前数据为	101.3
总计126条,当前数据为	100.7
总计126条,当前数据为	101.2
总计126条,当前数据为	101.2
总计126条,当前数据为	100.9
总计126条,当前数据为	101.0
总计126条,当前数据为	100.9
总计126条,当前数据为	101.2
总计126条,当前数据为	101.7
总计126条,当前数据为	101.2
总计126条,当前数据为	101.9
==================================================================
list index out of range
保存表格成功,当前时间为: 2019-01-14 15:33:36
打开网页
搜索成功
开始抓取
数据头为14条,当前数据为	指标
数据头为14条,当前数据为	2018年12月
数据头为14条,当前数据为	2018年11月
数据头为14条,当前数据为	2018年10月
数据头为14条,当前数据为	2018年9月
数据头为14条,当前数据为	2018年8月
数据头为14条,当前数据为	2018年7月
数据头为14条,当前数据为	2018年6月
数据头为14条,当前数据为	2018年5月
数据头为14条,当前数据为	2018年4月
数据头为14条,当前数据为	2018年3月
数据头为14条,当前数据为	2018年2月
数据头为14条,当前数据为	2018年1月
数据头为14条,当前数据为	2017年12月
================================================
总计126条,当前数据为	居民消费价格指数(上年同月=100)
总计126条,当前数据为	101.9
总计126条,当前数据为	102.2
总计126条,当前数据为	102.5
总计126条,当前数据为	102.5
总计126条,当前数据为	102.3
总计126条,当前数据为	102.1
总计126条,当前数据为	101.9
总计126条,当前数据为	101.8
总计126条,当前数据为	101.8
总计126条,当前数据为	102.1
总计126条,当前数据为	102.9
总计126条,当前数据为	101.5
总计126条,当前数据为	101.8
==========================================
总计126条,当前数据为	食品烟酒类居民消费价格指数(上年同月=100)
总计126条,当前数据为	102.4
总计126条,当前数据为	102.5
总计126条,当前数据为	102.9
总计126条,当前数据为	103.0
总计126条,当前数据为	101.9
总计126条,当前数据为	101.0
总计126条,当前数据为	100.8
总计126条,当前数据为	100.7
总计126条,当前数据为	101.1
总计126条,当前数据为	102.0
总计126条,当前数据为	103.6
总计126条,当前数据为	100.2
总计126条,当前数据为	100.3
=========================================================
总计126条,当前数据为	衣着类居民消费价格指数(上年同月=100)
总计126条,当前数据为	101.5
总计126条,当前数据为	101.4
总计126条,当前数据为	101.4
总计126条,当前数据为	101.2
总计126条,当前数据为	101.3
总计126条,当前数据为	101.2
总计126条,当前数据为	101.1
总计126条,当前数据为	101.1
总计126条,当前数据为	101.1
总计126条,当前数据为	101.1
总计126条,当前数据为	101.1
总计126条,当前数据为	101.4
总计126条,当前数据为	101.3
===================================================
总计126条,当前数据为	居住类居民消费价格指数(上年同月=100)
总计126条,当前数据为	102.2
总计126条,当前数据为	102.4
总计126条,当前数据为	102.5
总计126条,当前数据为	102.6
总计126条,当前数据为	102.5
总计126条,当前数据为	102.4
总计126条,当前数据为	102.3
总计126条,当前数据为	102.2
总计126条,当前数据为	102.2
总计126条,当前数据为	102.2
总计126条,当前数据为	102.2
总计126条,当前数据为	102.7
总计126条,当前数据为	102.8
===================================================
总计126条,当前数据为	生活用品及服务类居民消费价格指数(上年同月=100)
总计126条,当前数据为	101.4
总计126条,当前数据为	101.5
总计126条,当前数据为	101.5
总计126条,当前数据为	101.6
总计126条,当前数据为	101.6
总计126条,当前数据为	101.6
总计126条,当前数据为	101.5
总计126条,当前数据为	101.5
总计126条,当前数据为	101.5
总计126条,当前数据为	101.6
总计126条,当前数据为	101.8
总计126条,当前数据为	101.5
总计126条,当前数据为	101.6
==================================================================
总计126条,当前数据为	交通和通信类居民消费价格指数(上年同月=100)
总计126条,当前数据为	99.3
总计126条,当前数据为	101.6
总计126条,当前数据为	103.2
总计126条,当前数据为	102.8
总计126条,当前数据为	102.7
总计126条,当前数据为	103.0
总计126条,当前数据为	102.4
总计126条,当前数据为	101.8
总计126条,当前数据为	101.1
总计126条,当前数据为	100.3
总计126条,当前数据为	101.5
总计126条,当前数据为	100.2
总计126条,当前数据为	101.2
============================================================
总计126条,当前数据为	教育文化和娱乐类居民消费价格指数(上年同月=100)
总计126条,当前数据为	102.3
总计126条,当前数据为	102.5
总计126条,当前数据为	102.5
总计126条,当前数据为	102.2
总计126条,当前数据为	102.6
总计126条,当前数据为	102.3
总计126条,当前数据为	101.8
总计126条,当前数据为	101.9
总计126条,当前数据为	102.0
总计126条,当前数据为	102.2
总计126条,当前数据为	103.7
总计126条,当前数据为	100.9
总计126条,当前数据为	102.1
==================================================================
总计126条,当前数据为	医疗保健类居民消费价格指数(上年同月=100)
总计126条,当前数据为	102.5
总计126条,当前数据为	102.6
总计126条,当前数据为	102.6
总计126条,当前数据为	102.7
总计126条,当前数据为	104.3
总计126条,当前数据为	104.6
总计126条,当前数据为	105.0
总计126条,当前数据为	105.1
总计126条,当前数据为	105.2
总计126条,当前数据为	105.7
总计126条,当前数据为	106.0
总计126条,当前数据为	106.2
总计126条,当前数据为	106.6
=========================================================
总计126条,当前数据为	其他用品和服务类居民消费价格指数(上年同月=100)
总计126条,当前数据为	101.6
总计126条,当前数据为	101.5
总计126条,当前数据为	101.3
总计126条,当前数据为	100.7
总计126条,当前数据为	101.2
总计126条,当前数据为	101.2
总计126条,当前数据为	100.9
总计126条,当前数据为	101.0
总计126条,当前数据为	100.9
总计126条,当前数据为	101.2
总计126条,当前数据为	101.7
总计126条,当前数据为	101.2
总计126条,当前数据为	101.9
==================================================================
list index out of range
保存表格成功,当前时间为: 2019-01-14 15:35:24
打开网页
搜索成功
开始抓取
数据头为14条,当前数据为	指标
数据头为14条,当前数据为	2018年12月
数据头为14条,当前数据为	2018年11月
数据头为14条,当前数据为	2018年10月
数据头为14条,当前数据为	2018年9月
数据头为14条,当前数据为	2018年8月
数据头为14条,当前数据为	2018年7月
数据头为14条,当前数据为	2018年6月
数据头为14条,当前数据为	2018年5月
数据头为14条,当前数据为	2018年4月
数据头为14条,当前数据为	2018年3月
数据头为14条,当前数据为	2018年2月
数据头为14条,当前数据为	2018年1月
数据头为14条,当前数据为	2017年12月
================================================
总计126条,当前数据为	居民消费价格指数(上年同月=100)
总计126条,当前数据为	101.9
总计126条,当前数据为	102.2
总计126条,当前数据为	102.5
总计126条,当前数据为	102.5
总计126条,当前数据为	102.3
总计126条,当前数据为	102.1
总计126条,当前数据为	101.9
总计126条,当前数据为	101.8
总计126条,当前数据为	101.8
总计126条,当前数据为	102.1
总计126条,当前数据为	102.9
总计126条,当前数据为	101.5
总计126条,当前数据为	101.8
==========================================
总计126条,当前数据为	食品烟酒类居民消费价格指数(上年同月=100)
总计126条,当前数据为	102.4
总计126条,当前数据为	102.5
总计126条,当前数据为	102.9
总计126条,当前数据为	103.0
总计126条,当前数据为	101.9
总计126条,当前数据为	101.0
总计126条,当前数据为	100.8
总计126条,当前数据为	100.7
总计126条,当前数据为	101.1
总计126条,当前数据为	102.0
总计126条,当前数据为	103.6
总计126条,当前数据为	100.2
总计126条,当前数据为	100.3
=========================================================
总计126条,当前数据为	衣着类居民消费价格指数(上年同月=100)
总计126条,当前数据为	101.5
总计126条,当前数据为	101.4
总计126条,当前数据为	101.4
总计126条,当前数据为	101.2
总计126条,当前数据为	101.3
总计126条,当前数据为	101.2
总计126条,当前数据为	101.1
总计126条,当前数据为	101.1
总计126条,当前数据为	101.1
总计126条,当前数据为	101.1
总计126条,当前数据为	101.1
总计126条,当前数据为	101.4
总计126条,当前数据为	101.3
===================================================
总计126条,当前数据为	居住类居民消费价格指数(上年同月=100)
总计126条,当前数据为	102.2
总计126条,当前数据为	102.4
总计126条,当前数据为	102.5
总计126条,当前数据为	102.6
总计126条,当前数据为	102.5
总计126条,当前数据为	102.4
总计126条,当前数据为	102.3
总计126条,当前数据为	102.2
总计126条,当前数据为	102.2
总计126条,当前数据为	102.2
总计126条,当前数据为	102.2
总计126条,当前数据为	102.7
总计126条,当前数据为	102.8
===================================================
总计126条,当前数据为	生活用品及服务类居民消费价格指数(上年同月=100)
总计126条,当前数据为	101.4
总计126条,当前数据为	101.5
总计126条,当前数据为	101.5
总计126条,当前数据为	101.6
总计126条,当前数据为	101.6
总计126条,当前数据为	101.6
总计126条,当前数据为	101.5
总计126条,当前数据为	101.5
总计126条,当前数据为	101.5
总计126条,当前数据为	101.6
总计126条,当前数据为	101.8
总计126条,当前数据为	101.5
总计126条,当前数据为	101.6
==================================================================
总计126条,当前数据为	交通和通信类居民消费价格指数(上年同月=100)
总计126条,当前数据为	99.3
总计126条,当前数据为	101.6
总计126条,当前数据为	103.2
总计126条,当前数据为	102.8
总计126条,当前数据为	102.7
总计126条,当前数据为	103.0
总计126条,当前数据为	102.4
总计126条,当前数据为	101.8
总计126条,当前数据为	101.1
总计126条,当前数据为	100.3
总计126条,当前数据为	101.5
总计126条,当前数据为	100.2
总计126条,当前数据为	101.2
============================================================
总计126条,当前数据为	教育文化和娱乐类居民消费价格指数(上年同月=100)
总计126条,当前数据为	102.3
总计126条,当前数据为	102.5
总计126条,当前数据为	102.5
总计126条,当前数据为	102.2
总计126条,当前数据为	102.6
总计126条,当前数据为	102.3
总计126条,当前数据为	101.8
总计126条,当前数据为	101.9
总计126条,当前数据为	102.0
总计126条,当前数据为	102.2
总计126条,当前数据为	103.7
总计126条,当前数据为	100.9
总计126条,当前数据为	102.1
==================================================================
总计126条,当前数据为	医疗保健类居民消费价格指数(上年同月=100)
总计126条,当前数据为	102.5
总计126条,当前数据为	102.6
总计126条,当前数据为	102.6
总计126条,当前数据为	102.7
总计126条,当前数据为	104.3
总计126条,当前数据为	104.6
总计126条,当前数据为	105.0
总计126条,当前数据为	105.1
总计126条,当前数据为	105.2
总计126条,当前数据为	105.7
总计126条,当前数据为	106.0
总计126条,当前数据为	106.2
总计126条,当前数据为	106.6
=========================================================
总计126条,当前数据为	其他用品和服务类居民消费价格指数(上年同月=100)
总计126条,当前数据为	101.6
总计126条,当前数据为	101.5
总计126条,当前数据为	101.3
总计126条,当前数据为	100.7
总计126条,当前数据为	101.2
总计126条,当前数据为	101.2
总计126条,当前数据为	100.9
总计126条,当前数据为	101.0
总计126条,当前数据为	100.9
总计126条,当前数据为	101.2
总计126条,当前数据为	101.7
总计126条,当前数据为	101.2
总计126条,当前数据为	101.9
==================================================================
list index out of range
保存表格成功,当前时间为: 2019-01-14 15:36:39
打开网页
搜索成功
开始抓取
数据头为14条,当前数据为	指标
数据头为14条,当前数据为	2018年12月
数据头为14条,当前数据为	2018年11月
数据头为14条,当前数据为	2018年10月
数据头为14条,当前数据为	2018年9月
数据头为14条,当前数据为	2018年8月
数据头为14条,当前数据为	2018年7月
数据头为14条,当前数据为	2018年6月
数据头为14条,当前数据为	2018年5月
数据头为14条,当前数据为	2018年4月
数据头为14条,当前数据为	2018年3月
数据头为14条,当前数据为	2018年2月
数据头为14条,当前数据为	2018年1月
数据头为14条,当前数据为	2017年12月
================================================
总计126条,当前数据为	居民消费价格指数(上年同月=100)
总计126条,当前数据为	101.9
总计126条,当前数据为	102.2
总计126条,当前数据为	102.5
总计126条,当前数据为	102.5
总计126条,当前数据为	102.3
总计126条,当前数据为	102.1
总计126条,当前数据为	101.9
总计126条,当前数据为	101.8
总计126条,当前数据为	101.8
总计126条,当前数据为	102.1
总计126条,当前数据为	102.9
总计126条,当前数据为	101.5
总计126条,当前数据为	101.8
==========================================
总计126条,当前数据为	食品烟酒类居民消费价格指数(上年同月=100)
总计126条,当前数据为	102.4
总计126条,当前数据为	102.5
总计126条,当前数据为	102.9
总计126条,当前数据为	103.0
总计126条,当前数据为	101.9
总计126条,当前数据为	101.0
总计126条,当前数据为	100.8
总计126条,当前数据为	100.7
总计126条,当前数据为	101.1
总计126条,当前数据为	102.0
总计126条,当前数据为	103.6
总计126条,当前数据为	100.2
总计126条,当前数据为	100.3
=========================================================
总计126条,当前数据为	衣着类居民消费价格指数(上年同月=100)
总计126条,当前数据为	101.5
总计126条,当前数据为	101.4
总计126条,当前数据为	101.4
总计126条,当前数据为	101.2
总计126条,当前数据为	101.3
总计126条,当前数据为	101.2
总计126条,当前数据为	101.1
总计126条,当前数据为	101.1
总计126条,当前数据为	101.1
总计126条,当前数据为	101.1
总计126条,当前数据为	101.1
总计126条,当前数据为	101.4
总计126条,当前数据为	101.3
===================================================
总计126条,当前数据为	居住类居民消费价格指数(上年同月=100)
总计126条,当前数据为	102.2
总计126条,当前数据为	102.4
总计126条,当前数据为	102.5
总计126条,当前数据为	102.6
总计126条,当前数据为	102.5
总计126条,当前数据为	102.4
总计126条,当前数据为	102.3
总计126条,当前数据为	102.2
总计126条,当前数据为	102.2
总计126条,当前数据为	102.2
总计126条,当前数据为	102.2
总计126条,当前数据为	102.7
总计126条,当前数据为	102.8
===================================================
总计126条,当前数据为	生活用品及服务类居民消费价格指数(上年同月=100)
总计126条,当前数据为	101.4
总计126条,当前数据为	101.5
总计126条,当前数据为	101.5
总计126条,当前数据为	101.6
总计126条,当前数据为	101.6
总计126条,当前数据为	101.6
总计126条,当前数据为	101.5
总计126条,当前数据为	101.5
总计126条,当前数据为	101.5
总计126条,当前数据为	101.6
总计126条,当前数据为	101.8
总计126条,当前数据为	101.5
总计126条,当前数据为	101.6
==================================================================
总计126条,当前数据为	交通和通信类居民消费价格指数(上年同月=100)
总计126条,当前数据为	99.3
总计126条,当前数据为	101.6
总计126条,当前数据为	103.2
总计126条,当前数据为	102.8
总计126条,当前数据为	102.7
总计126条,当前数据为	103.0
总计126条,当前数据为	102.4
总计126条,当前数据为	101.8
总计126条,当前数据为	101.1
总计126条,当前数据为	100.3
总计126条,当前数据为	101.5
总计126条,当前数据为	100.2
总计126条,当前数据为	101.2
============================================================
总计126条,当前数据为	教育文化和娱乐类居民消费价格指数(上年同月=100)
总计126条,当前数据为	102.3
总计126条,当前数据为	102.5
总计126条,当前数据为	102.5
总计126条,当前数据为	102.2
总计126条,当前数据为	102.6
总计126条,当前数据为	102.3
总计126条,当前数据为	101.8
总计126条,当前数据为	101.9
总计126条,当前数据为	102.0
总计126条,当前数据为	102.2
总计126条,当前数据为	103.7
总计126条,当前数据为	100.9
总计126条,当前数据为	102.1
==================================================================
总计126条,当前数据为	医疗保健类居民消费价格指数(上年同月=100)
总计126条,当前数据为	102.5
总计126条,当前数据为	102.6
总计126条,当前数据为	102.6
总计126条,当前数据为	102.7
总计126条,当前数据为	104.3
总计126条,当前数据为	104.6
总计126条,当前数据为	105.0
总计126条,当前数据为	105.1
总计126条,当前数据为	105.2
总计126条,当前数据为	105.7
总计126条,当前数据为	106.0
总计126条,当前数据为	106.2
总计126条,当前数据为	106.6
=========================================================
总计126条,当前数据为	其他用品和服务类居民消费价格指数(上年同月=100)
总计126条,当前数据为	101.6
总计126条,当前数据为	101.5
总计126条,当前数据为	101.3
总计126条,当前数据为	100.7
总计126条,当前数据为	101.2
总计126条,当前数据为	101.2
总计126条,当前数据为	100.9
总计126条,当前数据为	101.0
总计126条,当前数据为	100.9
总计126条,当前数据为	101.2
总计126条,当前数据为	101.7
总计126条,当前数据为	101.2
总计126条,当前数据为	101.9
==================================================================
list index out of range
保存表格成功,当前时间为: 2019-01-14 15:47:48
打开网页
搜索成功
开始抓取
数据头为14条,当前数据为	指标
数据头为14条,当前数据为	2018年12月
数据头为14条,当前数据为	2018年11月
数据头为14条,当前数据为	2018年10月
数据头为14条,当前数据为	2018年9月
数据头为14条,当前数据为	2018年8月
数据头为14条,当前数据为	2018年7月
数据头为14条,当前数据为	2018年6月
数据头为14条,当前数据为	2018年5月
数据头为14条,当前数据为	2018年4月
数据头为14条,当前数据为	2018年3月
数据头为14条,当前数据为	2018年2月
数据头为14条,当前数据为	2018年1月
数据头为14条,当前数据为	2017年12月
================================================
总计126条,当前数据为	居民消费价格指数(上年同月=100)
总计126条,当前数据为	101.9
总计126条,当前数据为	102.2
总计126条,当前数据为	102.5
总计126条,当前数据为	102.5
总计126条,当前数据为	102.3
总计126条,当前数据为	102.1
总计126条,当前数据为	101.9
总计126条,当前数据为	101.8
总计126条,当前数据为	101.8
总计126条,当前数据为	102.1
总计126条,当前数据为	102.9
总计126条,当前数据为	101.5
总计126条,当前数据为	101.8
==========================================
总计126条,当前数据为	食品烟酒类居民消费价格指数(上年同月=100)
总计126条,当前数据为	102.4
总计126条,当前数据为	102.5
总计126条,当前数据为	102.9
总计126条,当前数据为	103.0
总计126条,当前数据为	101.9
总计126条,当前数据为	101.0
总计126条,当前数据为	100.8
总计126条,当前数据为	100.7
总计126条,当前数据为	101.1
总计126条,当前数据为	102.0
总计126条,当前数据为	103.6
总计126条,当前数据为	100.2
总计126条,当前数据为	100.3
=========================================================
总计126条,当前数据为	衣着类居民消费价格指数(上年同月=100)
总计126条,当前数据为	101.5
总计126条,当前数据为	101.4
总计126条,当前数据为	101.4
总计126条,当前数据为	101.2
总计126条,当前数据为	101.3
总计126条,当前数据为	101.2
总计126条,当前数据为	101.1
总计126条,当前数据为	101.1
总计126条,当前数据为	101.1
总计126条,当前数据为	101.1
总计126条,当前数据为	101.1
总计126条,当前数据为	101.4
总计126条,当前数据为	101.3
===================================================
总计126条,当前数据为	居住类居民消费价格指数(上年同月=100)
总计126条,当前数据为	102.2
总计126条,当前数据为	102.4
总计126条,当前数据为	102.5
总计126条,当前数据为	102.6
总计126条,当前数据为	102.5
总计126条,当前数据为	102.4
总计126条,当前数据为	102.3
总计126条,当前数据为	102.2
总计126条,当前数据为	102.2
总计126条,当前数据为	102.2
总计126条,当前数据为	102.2
总计126条,当前数据为	102.7
总计126条,当前数据为	102.8
===================================================
总计126条,当前数据为	生活用品及服务类居民消费价格指数(上年同月=100)
总计126条,当前数据为	101.4
总计126条,当前数据为	101.5
总计126条,当前数据为	101.5
总计126条,当前数据为	101.6
总计126条,当前数据为	101.6
总计126条,当前数据为	101.6
总计126条,当前数据为	101.5
总计126条,当前数据为	101.5
总计126条,当前数据为	101.5
总计126条,当前数据为	101.6
总计126条,当前数据为	101.8
总计126条,当前数据为	101.5
总计126条,当前数据为	101.6
==================================================================
总计126条,当前数据为	交通和通信类居民消费价格指数(上年同月=100)
总计126条,当前数据为	99.3
总计126条,当前数据为	101.6
总计126条,当前数据为	103.2
总计126条,当前数据为	102.8
总计126条,当前数据为	102.7
总计126条,当前数据为	103.0
总计126条,当前数据为	102.4
总计126条,当前数据为	101.8
总计126条,当前数据为	101.1
总计126条,当前数据为	100.3
总计126条,当前数据为	101.5
总计126条,当前数据为	100.2
总计126条,当前数据为	101.2
============================================================
总计126条,当前数据为	教育文化和娱乐类居民消费价格指数(上年同月=100)
总计126条,当前数据为	102.3
总计126条,当前数据为	102.5
总计126条,当前数据为	102.5
总计126条,当前数据为	102.2
总计126条,当前数据为	102.6
总计126条,当前数据为	102.3
总计126条,当前数据为	101.8
总计126条,当前数据为	101.9
总计126条,当前数据为	102.0
总计126条,当前数据为	102.2
总计126条,当前数据为	103.7
总计126条,当前数据为	100.9
总计126条,当前数据为	102.1
==================================================================
总计126条,当前数据为	医疗保健类居民消费价格指数(上年同月=100)
总计126条,当前数据为	102.5
总计126条,当前数据为	102.6
总计126条,当前数据为	102.6
总计126条,当前数据为	102.7
总计126条,当前数据为	104.3
总计126条,当前数据为	104.6
总计126条,当前数据为	105.0
总计126条,当前数据为	105.1
总计126条,当前数据为	105.2
总计126条,当前数据为	105.7
总计126条,当前数据为	106.0
总计126条,当前数据为	106.2
总计126条,当前数据为	106.6
=========================================================
总计126条,当前数据为	其他用品和服务类居民消费价格指数(上年同月=100)
总计126条,当前数据为	101.6
总计126条,当前数据为	101.5
总计126条,当前数据为	101.3
总计126条,当前数据为	100.7
总计126条,当前数据为	101.2
总计126条,当前数据为	101.2
总计126条,当前数据为	100.9
总计126条,当前数据为	101.0
总计126条,当前数据为	100.9
总计126条,当前数据为	101.2
总计126条,当前数据为	101.7
总计126条,当前数据为	101.2
总计126条,当前数据为	101.9
==================================================================
list index out of range
保存表格成功,当前时间为: 2019-01-14 15:49:29
打开网页
搜索成功
开始抓取
数据头为14条,当前数据为	指标
数据头为14条,当前数据为	2018年12月
数据头为14条,当前数据为	2018年11月
数据头为14条,当前数据为	2018年10月
数据头为14条,当前数据为	2018年9月
数据头为14条,当前数据为	2018年8月
数据头为14条,当前数据为	2018年7月
数据头为14条,当前数据为	2018年6月
数据头为14条,当前数据为	2018年5月
数据头为14条,当前数据为	2018年4月
数据头为14条,当前数据为	2018年3月
数据头为14条,当前数据为	2018年2月
数据头为14条,当前数据为	2018年1月
数据头为14条,当前数据为	2017年12月
================================================
总计126条,当前数据为	居民消费价格指数(上年同月=100)
总计126条,当前数据为	101.9
总计126条,当前数据为	102.2
总计126条,当前数据为	102.5
总计126条,当前数据为	102.5
总计126条,当前数据为	102.3
总计126条,当前数据为	102.1
总计126条,当前数据为	101.9
总计126条,当前数据为	101.8
总计126条,当前数据为	101.8
总计126条,当前数据为	102.1
总计126条,当前数据为	102.9
总计126条,当前数据为	101.5
总计126条,当前数据为	101.8
==========================================
总计126条,当前数据为	食品烟酒类居民消费价格指数(上年同月=100)
总计126条,当前数据为	102.4
总计126条,当前数据为	102.5
总计126条,当前数据为	102.9
总计126条,当前数据为	103.0
总计126条,当前数据为	101.9
总计126条,当前数据为	101.0
总计126条,当前数据为	100.8
总计126条,当前数据为	100.7
总计126条,当前数据为	101.1
总计126条,当前数据为	102.0
总计126条,当前数据为	103.6
总计126条,当前数据为	100.2
总计126条,当前数据为	100.3
=========================================================
总计126条,当前数据为	衣着类居民消费价格指数(上年同月=100)
总计126条,当前数据为	101.5
总计126条,当前数据为	101.4
总计126条,当前数据为	101.4
总计126条,当前数据为	101.2
总计126条,当前数据为	101.3
总计126条,当前数据为	101.2
总计126条,当前数据为	101.1
总计126条,当前数据为	101.1
总计126条,当前数据为	101.1
总计126条,当前数据为	101.1
总计126条,当前数据为	101.1
总计126条,当前数据为	101.4
总计126条,当前数据为	101.3
===================================================
总计126条,当前数据为	居住类居民消费价格指数(上年同月=100)
总计126条,当前数据为	102.2
总计126条,当前数据为	102.4
总计126条,当前数据为	102.5
总计126条,当前数据为	102.6
总计126条,当前数据为	102.5
总计126条,当前数据为	102.4
总计126条,当前数据为	102.3
总计126条,当前数据为	102.2
总计126条,当前数据为	102.2
总计126条,当前数据为	102.2
总计126条,当前数据为	102.2
总计126条,当前数据为	102.7
总计126条,当前数据为	102.8
===================================================
总计126条,当前数据为	生活用品及服务类居民消费价格指数(上年同月=100)
总计126条,当前数据为	101.4
总计126条,当前数据为	101.5
总计126条,当前数据为	101.5
总计126条,当前数据为	101.6
总计126条,当前数据为	101.6
总计126条,当前数据为	101.6
总计126条,当前数据为	101.5
总计126条,当前数据为	101.5
总计126条,当前数据为	101.5
总计126条,当前数据为	101.6
总计126条,当前数据为	101.8
总计126条,当前数据为	101.5
总计126条,当前数据为	101.6
==================================================================
总计126条,当前数据为	交通和通信类居民消费价格指数(上年同月=100)
总计126条,当前数据为	99.3
总计126条,当前数据为	101.6
总计126条,当前数据为	103.2
总计126条,当前数据为	102.8
总计126条,当前数据为	102.7
总计126条,当前数据为	103.0
总计126条,当前数据为	102.4
总计126条,当前数据为	101.8
总计126条,当前数据为	101.1
总计126条,当前数据为	100.3
总计126条,当前数据为	101.5
总计126条,当前数据为	100.2
总计126条,当前数据为	101.2
============================================================
总计126条,当前数据为	教育文化和娱乐类居民消费价格指数(上年同月=100)
总计126条,当前数据为	102.3
总计126条,当前数据为	102.5
总计126条,当前数据为	102.5
总计126条,当前数据为	102.2
总计126条,当前数据为	102.6
总计126条,当前数据为	102.3
总计126条,当前数据为	101.8
总计126条,当前数据为	101.9
总计126条,当前数据为	102.0
总计126条,当前数据为	102.2
总计126条,当前数据为	103.7
总计126条,当前数据为	100.9
总计126条,当前数据为	102.1
==================================================================
总计126条,当前数据为	医疗保健类居民消费价格指数(上年同月=100)
总计126条,当前数据为	102.5
总计126条,当前数据为	102.6
总计126条,当前数据为	102.6
总计126条,当前数据为	102.7
总计126条,当前数据为	104.3
总计126条,当前数据为	104.6
总计126条,当前数据为	105.0
总计126条,当前数据为	105.1
总计126条,当前数据为	105.2
总计126条,当前数据为	105.7
总计126条,当前数据为	106.0
总计126条,当前数据为	106.2
总计126条,当前数据为	106.6
=========================================================
总计126条,当前数据为	其他用品和服务类居民消费价格指数(上年同月=100)
总计126条,当前数据为	101.6
总计126条,当前数据为	101.5
总计126条,当前数据为	101.3
总计126条,当前数据为	100.7
总计126条,当前数据为	101.2
总计126条,当前数据为	101.2
总计126条,当前数据为	100.9
总计126条,当前数据为	101.0
总计126条,当前数据为	100.9
总计126条,当前数据为	101.2
总计126条,当前数据为	101.7
总计126条,当前数据为	101.2
总计126条,当前数据为	101.9
==================================================================
list index out of range
保存表格成功,当前时间为: 2019-01-14 15:51:22
打开网页
搜索成功
开始抓取
数据头为14条,当前数据为	指标
数据头为14条,当前数据为	2018年12月
数据头为14条,当前数据为	2018年11月
数据头为14条,当前数据为	2018年10月
数据头为14条,当前数据为	2018年9月
数据头为14条,当前数据为	2018年8月
数据头为14条,当前数据为	2018年7月
数据头为14条,当前数据为	2018年6月
数据头为14条,当前数据为	2018年5月
数据头为14条,当前数据为	2018年4月
数据头为14条,当前数据为	2018年3月
数据头为14条,当前数据为	2018年2月
数据头为14条,当前数据为	2018年1月
数据头为14条,当前数据为	2017年12月
================================================
总计126条,当前数据为	居民消费价格指数(上年同月=100)
总计126条,当前数据为	101.9
总计126条,当前数据为	102.2
总计126条,当前数据为	102.5
总计126条,当前数据为	102.5
总计126条,当前数据为	102.3
总计126条,当前数据为	102.1
总计126条,当前数据为	101.9
总计126条,当前数据为	101.8
总计126条,当前数据为	101.8
总计126条,当前数据为	102.1
总计126条,当前数据为	102.9
总计126条,当前数据为	101.5
总计126条,当前数据为	101.8
==========================================
总计126条,当前数据为	食品烟酒类居民消费价格指数(上年同月=100)
总计126条,当前数据为	102.4
总计126条,当前数据为	102.5
总计126条,当前数据为	102.9
总计126条,当前数据为	103.0
总计126条,当前数据为	101.9
总计126条,当前数据为	101.0
总计126条,当前数据为	100.8
总计126条,当前数据为	100.7
总计126条,当前数据为	101.1
总计126条,当前数据为	102.0
总计126条,当前数据为	103.6
总计126条,当前数据为	100.2
总计126条,当前数据为	100.3
=========================================================
总计126条,当前数据为	衣着类居民消费价格指数(上年同月=100)
总计126条,当前数据为	101.5
总计126条,当前数据为	101.4
总计126条,当前数据为	101.4
总计126条,当前数据为	101.2
总计126条,当前数据为	101.3
总计126条,当前数据为	101.2
总计126条,当前数据为	101.1
总计126条,当前数据为	101.1
总计126条,当前数据为	101.1
总计126条,当前数据为	101.1
总计126条,当前数据为	101.1
总计126条,当前数据为	101.4
总计126条,当前数据为	101.3
===================================================
总计126条,当前数据为	居住类居民消费价格指数(上年同月=100)
总计126条,当前数据为	102.2
总计126条,当前数据为	102.4
总计126条,当前数据为	102.5
总计126条,当前数据为	102.6
总计126条,当前数据为	102.5
总计126条,当前数据为	102.4
总计126条,当前数据为	102.3
总计126条,当前数据为	102.2
总计126条,当前数据为	102.2
总计126条,当前数据为	102.2
总计126条,当前数据为	102.2
总计126条,当前数据为	102.7
总计126条,当前数据为	102.8
===================================================
总计126条,当前数据为	生活用品及服务类居民消费价格指数(上年同月=100)
总计126条,当前数据为	101.4
总计126条,当前数据为	101.5
总计126条,当前数据为	101.5
总计126条,当前数据为	101.6
总计126条,当前数据为	101.6
总计126条,当前数据为	101.6
总计126条,当前数据为	101.5
总计126条,当前数据为	101.5
总计126条,当前数据为	101.5
总计126条,当前数据为	101.6
总计126条,当前数据为	101.8
总计126条,当前数据为	101.5
总计126条,当前数据为	101.6
==================================================================
总计126条,当前数据为	交通和通信类居民消费价格指数(上年同月=100)
总计126条,当前数据为	99.3
总计126条,当前数据为	101.6
总计126条,当前数据为	103.2
总计126条,当前数据为	102.8
总计126条,当前数据为	102.7
总计126条,当前数据为	103.0
总计126条,当前数据为	102.4
总计126条,当前数据为	101.8
总计126条,当前数据为	101.1
总计126条,当前数据为	100.3
总计126条,当前数据为	101.5
总计126条,当前数据为	100.2
总计126条,当前数据为	101.2
============================================================
总计126条,当前数据为	教育文化和娱乐类居民消费价格指数(上年同月=100)
总计126条,当前数据为	102.3
总计126条,当前数据为	102.5
总计126条,当前数据为	102.5
总计126条,当前数据为	102.2
总计126条,当前数据为	102.6
总计126条,当前数据为	102.3
总计126条,当前数据为	101.8
总计126条,当前数据为	101.9
总计126条,当前数据为	102.0
总计126条,当前数据为	102.2
总计126条,当前数据为	103.7
总计126条,当前数据为	100.9
总计126条,当前数据为	102.1
==================================================================
总计126条,当前数据为	医疗保健类居民消费价格指数(上年同月=100)
总计126条,当前数据为	102.5
总计126条,当前数据为	102.6
总计126条,当前数据为	102.6
总计126条,当前数据为	102.7
总计126条,当前数据为	104.3
总计126条,当前数据为	104.6
总计126条,当前数据为	105.0
总计126条,当前数据为	105.1
总计126条,当前数据为	105.2
总计126条,当前数据为	105.7
总计126条,当前数据为	106.0
总计126条,当前数据为	106.2
总计126条,当前数据为	106.6
=========================================================
总计126条,当前数据为	其他用品和服务类居民消费价格指数(上年同月=100)
总计126条,当前数据为	101.6
总计126条,当前数据为	101.5
总计126条,当前数据为	101.3
总计126条,当前数据为	100.7
总计126条,当前数据为	101.2
总计126条,当前数据为	101.2
总计126条,当前数据为	100.9
总计126条,当前数据为	101.0
总计126条,当前数据为	100.9
总计126条,当前数据为	101.2
总计126条,当前数据为	101.7
总计126条,当前数据为	101.2
总计126条,当前数据为	101.9
==================================================================
list index out of range
保存表格成功,当前时间为: 2019-01-14 15:54:31
打开网页
打开网页
搜索成功
开始抓取
数据头为14条,当前数据为	指标
数据头为14条,当前数据为	2018年12月
数据头为14条,当前数据为	2018年11月
数据头为14条,当前数据为	2018年10月
数据头为14条,当前数据为	2018年9月
数据头为14条,当前数据为	2018年8月
数据头为14条,当前数据为	2018年7月
数据头为14条,当前数据为	2018年6月
数据头为14条,当前数据为	2018年5月
数据头为14条,当前数据为	2018年4月
数据头为14条,当前数据为	2018年3月
数据头为14条,当前数据为	2018年2月
数据头为14条,当前数据为	2018年1月
数据头为14条,当前数据为	2017年12月
================================================
总计126条,当前数据为	居民消费价格指数(上年同月=100)
总计126条,当前数据为	101.9
总计126条,当前数据为	102.2
总计126条,当前数据为	102.5
总计126条,当前数据为	102.5
总计126条,当前数据为	102.3
总计126条,当前数据为	102.1
总计126条,当前数据为	101.9
总计126条,当前数据为	101.8
总计126条,当前数据为	101.8
总计126条,当前数据为	102.1
总计126条,当前数据为	102.9
总计126条,当前数据为	101.5
总计126条,当前数据为	101.8
==========================================
总计126条,当前数据为	食品烟酒类居民消费价格指数(上年同月=100)
总计126条,当前数据为	102.4
总计126条,当前数据为	102.5
总计126条,当前数据为	102.9
总计126条,当前数据为	103.0
总计126条,当前数据为	101.9
总计126条,当前数据为	101.0
总计126条,当前数据为	100.8
总计126条,当前数据为	100.7
总计126条,当前数据为	101.1
总计126条,当前数据为	102.0
总计126条,当前数据为	103.6
总计126条,当前数据为	100.2
总计126条,当前数据为	100.3
=========================================================
总计126条,当前数据为	衣着类居民消费价格指数(上年同月=100)
总计126条,当前数据为	101.5
总计126条,当前数据为	101.4
总计126条,当前数据为	101.4
总计126条,当前数据为	101.2
总计126条,当前数据为	101.3
总计126条,当前数据为	101.2
总计126条,当前数据为	101.1
总计126条,当前数据为	101.1
总计126条,当前数据为	101.1
总计126条,当前数据为	101.1
总计126条,当前数据为	101.1
总计126条,当前数据为	101.4
总计126条,当前数据为	101.3
===================================================
总计126条,当前数据为	居住类居民消费价格指数(上年同月=100)
总计126条,当前数据为	102.2
总计126条,当前数据为	102.4
总计126条,当前数据为	102.5
总计126条,当前数据为	102.6
总计126条,当前数据为	102.5
总计126条,当前数据为	102.4
总计126条,当前数据为	102.3
总计126条,当前数据为	102.2
总计126条,当前数据为	102.2
总计126条,当前数据为	102.2
总计126条,当前数据为	102.2
总计126条,当前数据为	102.7
总计126条,当前数据为	102.8
===================================================
总计126条,当前数据为	生活用品及服务类居民消费价格指数(上年同月=100)
总计126条,当前数据为	101.4
总计126条,当前数据为	101.5
总计126条,当前数据为	101.5
总计126条,当前数据为	101.6
总计126条,当前数据为	101.6
总计126条,当前数据为	101.6
总计126条,当前数据为	101.5
总计126条,当前数据为	101.5
总计126条,当前数据为	101.5
总计126条,当前数据为	101.6
总计126条,当前数据为	101.8
总计126条,当前数据为	101.5
总计126条,当前数据为	101.6
==================================================================
总计126条,当前数据为	交通和通信类居民消费价格指数(上年同月=100)
总计126条,当前数据为	99.3
总计126条,当前数据为	101.6
总计126条,当前数据为	103.2
总计126条,当前数据为	102.8
总计126条,当前数据为	102.7
总计126条,当前数据为	103.0
总计126条,当前数据为	102.4
总计126条,当前数据为	101.8
总计126条,当前数据为	101.1
总计126条,当前数据为	100.3
总计126条,当前数据为	101.5
总计126条,当前数据为	100.2
总计126条,当前数据为	101.2
============================================================
总计126条,当前数据为	教育文化和娱乐类居民消费价格指数(上年同月=100)
总计126条,当前数据为	102.3
总计126条,当前数据为	102.5
总计126条,当前数据为	102.5
总计126条,当前数据为	102.2
总计126条,当前数据为	102.6
总计126条,当前数据为	102.3
总计126条,当前数据为	101.8
总计126条,当前数据为	101.9
总计126条,当前数据为	102.0
总计126条,当前数据为	102.2
总计126条,当前数据为	103.7
总计126条,当前数据为	100.9
总计126条,当前数据为	102.1
==================================================================
总计126条,当前数据为	医疗保健类居民消费价格指数(上年同月=100)
总计126条,当前数据为	102.5
总计126条,当前数据为	102.6
总计126条,当前数据为	102.6
总计126条,当前数据为	102.7
总计126条,当前数据为	104.3
总计126条,当前数据为	104.6
总计126条,当前数据为	105.0
总计126条,当前数据为	105.1
总计126条,当前数据为	105.2
总计126条,当前数据为	105.7
总计126条,当前数据为	106.0
总计126条,当前数据为	106.2
总计126条,当前数据为	106.6
=========================================================
总计126条,当前数据为	其他用品和服务类居民消费价格指数(上年同月=100)
总计126条,当前数据为	101.6
总计126条,当前数据为	101.5
总计126条,当前数据为	101.3
总计126条,当前数据为	100.7
总计126条,当前数据为	101.2
总计126条,当前数据为	101.2
总计126条,当前数据为	100.9
总计126条,当前数据为	101.0
总计126条,当前数据为	100.9
总计126条,当前数据为	101.2
总计126条,当前数据为	101.7
总计126条,当前数据为	101.2
总计126条,当前数据为	101.9
==================================================================
list index out of range
保存表格成功,当前时间为: 2019-01-14 15:58:32
打开网页
搜索成功
开始抓取
数据头为14条,当前数据为	指标
数据头为14条,当前数据为	2018年12月
数据头为14条,当前数据为	2018年11月
数据头为14条,当前数据为	2018年10月
数据头为14条,当前数据为	2018年9月
数据头为14条,当前数据为	2018年8月
数据头为14条,当前数据为	2018年7月
数据头为14条,当前数据为	2018年6月
数据头为14条,当前数据为	2018年5月
数据头为14条,当前数据为	2018年4月
数据头为14条,当前数据为	2018年3月
数据头为14条,当前数据为	2018年2月
数据头为14条,当前数据为	2018年1月
数据头为14条,当前数据为	2017年12月
================================================
总计126条,当前数据为	居民消费价格指数(上年同月=100)
总计126条,当前数据为	101.9
总计126条,当前数据为	102.2
总计126条,当前数据为	102.5
总计126条,当前数据为	102.5
总计126条,当前数据为	102.3
总计126条,当前数据为	102.1
总计126条,当前数据为	101.9
总计126条,当前数据为	101.8
总计126条,当前数据为	101.8
总计126条,当前数据为	102.1
总计126条,当前数据为	102.9
总计126条,当前数据为	101.5
总计126条,当前数据为	101.8
==========================================
总计126条,当前数据为	食品烟酒类居民消费价格指数(上年同月=100)
总计126条,当前数据为	102.4
总计126条,当前数据为	102.5
总计126条,当前数据为	102.9
总计126条,当前数据为	103.0
总计126条,当前数据为	101.9
总计126条,当前数据为	101.0
总计126条,当前数据为	100.8
总计126条,当前数据为	100.7
总计126条,当前数据为	101.1
总计126条,当前数据为	102.0
总计126条,当前数据为	103.6
总计126条,当前数据为	100.2
总计126条,当前数据为	100.3
=========================================================
总计126条,当前数据为	衣着类居民消费价格指数(上年同月=100)
总计126条,当前数据为	101.5
总计126条,当前数据为	101.4
总计126条,当前数据为	101.4
总计126条,当前数据为	101.2
总计126条,当前数据为	101.3
总计126条,当前数据为	101.2
总计126条,当前数据为	101.1
总计126条,当前数据为	101.1
总计126条,当前数据为	101.1
总计126条,当前数据为	101.1
总计126条,当前数据为	101.1
总计126条,当前数据为	101.4
总计126条,当前数据为	101.3
===================================================
总计126条,当前数据为	居住类居民消费价格指数(上年同月=100)
总计126条,当前数据为	102.2
总计126条,当前数据为	102.4
总计126条,当前数据为	102.5
总计126条,当前数据为	102.6
总计126条,当前数据为	102.5
总计126条,当前数据为	102.4
总计126条,当前数据为	102.3
总计126条,当前数据为	102.2
总计126条,当前数据为	102.2
总计126条,当前数据为	102.2
总计126条,当前数据为	102.2
总计126条,当前数据为	102.7
总计126条,当前数据为	102.8
===================================================
总计126条,当前数据为	生活用品及服务类居民消费价格指数(上年同月=100)
总计126条,当前数据为	101.4
总计126条,当前数据为	101.5
总计126条,当前数据为	101.5
总计126条,当前数据为	101.6
总计126条,当前数据为	101.6
总计126条,当前数据为	101.6
总计126条,当前数据为	101.5
总计126条,当前数据为	101.5
总计126条,当前数据为	101.5
总计126条,当前数据为	101.6
总计126条,当前数据为	101.8
总计126条,当前数据为	101.5
总计126条,当前数据为	101.6
==================================================================
总计126条,当前数据为	交通和通信类居民消费价格指数(上年同月=100)
总计126条,当前数据为	99.3
总计126条,当前数据为	101.6
总计126条,当前数据为	103.2
总计126条,当前数据为	102.8
总计126条,当前数据为	102.7
总计126条,当前数据为	103.0
总计126条,当前数据为	102.4
总计126条,当前数据为	101.8
总计126条,当前数据为	101.1
总计126条,当前数据为	100.3
总计126条,当前数据为	101.5
总计126条,当前数据为	100.2
总计126条,当前数据为	101.2
============================================================
总计126条,当前数据为	教育文化和娱乐类居民消费价格指数(上年同月=100)
总计126条,当前数据为	102.3
总计126条,当前数据为	102.5
总计126条,当前数据为	102.5
总计126条,当前数据为	102.2
总计126条,当前数据为	102.6
总计126条,当前数据为	102.3
总计126条,当前数据为	101.8
总计126条,当前数据为	101.9
总计126条,当前数据为	102.0
总计126条,当前数据为	102.2
总计126条,当前数据为	103.7
总计126条,当前数据为	100.9
总计126条,当前数据为	102.1
==================================================================
总计126条,当前数据为	医疗保健类居民消费价格指数(上年同月=100)
总计126条,当前数据为	102.5
总计126条,当前数据为	102.6
总计126条,当前数据为	102.6
总计126条,当前数据为	102.7
总计126条,当前数据为	104.3
总计126条,当前数据为	104.6
总计126条,当前数据为	105.0
总计126条,当前数据为	105.1
总计126条,当前数据为	105.2
总计126条,当前数据为	105.7
总计126条,当前数据为	106.0
总计126条,当前数据为	106.2
总计126条,当前数据为	106.6
=========================================================
总计126条,当前数据为	其他用品和服务类居民消费价格指数(上年同月=100)
总计126条,当前数据为	101.6
总计126条,当前数据为	101.5
总计126条,当前数据为	101.3
总计126条,当前数据为	100.7
总计126条,当前数据为	101.2
总计126条,当前数据为	101.2
总计126条,当前数据为	100.9
总计126条,当前数据为	101.0
总计126条,当前数据为	100.9
总计126条,当前数据为	101.2
总计126条,当前数据为	101.7
总计126条,当前数据为	101.2
总计126条,当前数据为	101.9
==================================================================
list index out of range
保存表格成功,当前时间为: 2019-01-14 15:59:55
打开网页
搜索成功
开始抓取
数据头为14条,当前数据为	指标
数据头为14条,当前数据为	2018年12月
数据头为14条,当前数据为	2018年11月
数据头为14条,当前数据为	2018年10月
数据头为14条,当前数据为	2018年9月
数据头为14条,当前数据为	2018年8月
数据头为14条,当前数据为	2018年7月
数据头为14条,当前数据为	2018年6月
数据头为14条,当前数据为	2018年5月
数据头为14条,当前数据为	2018年4月
数据头为14条,当前数据为	2018年3月
数据头为14条,当前数据为	2018年2月
数据头为14条,当前数据为	2018年1月
数据头为14条,当前数据为	2017年12月
================================================
总计126条,当前数据为	居民消费价格指数(上年同月=100)
总计126条,当前数据为	101.9
总计126条,当前数据为	102.2
总计126条,当前数据为	102.5
总计126条,当前数据为	102.5
总计126条,当前数据为	102.3
总计126条,当前数据为	102.1
总计126条,当前数据为	101.9
总计126条,当前数据为	101.8
总计126条,当前数据为	101.8
总计126条,当前数据为	102.1
总计126条,当前数据为	102.9
总计126条,当前数据为	101.5
总计126条,当前数据为	101.8
==========================================
总计126条,当前数据为	食品烟酒类居民消费价格指数(上年同月=100)
总计126条,当前数据为	102.4
总计126条,当前数据为	102.5
总计126条,当前数据为	102.9
总计126条,当前数据为	103.0
总计126条,当前数据为	101.9
总计126条,当前数据为	101.0
总计126条,当前数据为	100.8
总计126条,当前数据为	100.7
总计126条,当前数据为	101.1
总计126条,当前数据为	102.0
总计126条,当前数据为	103.6
总计126条,当前数据为	100.2
总计126条,当前数据为	100.3
=========================================================
总计126条,当前数据为	衣着类居民消费价格指数(上年同月=100)
总计126条,当前数据为	101.5
总计126条,当前数据为	101.4
总计126条,当前数据为	101.4
总计126条,当前数据为	101.2
总计126条,当前数据为	101.3
总计126条,当前数据为	101.2
总计126条,当前数据为	101.1
总计126条,当前数据为	101.1
总计126条,当前数据为	101.1
总计126条,当前数据为	101.1
总计126条,当前数据为	101.1
总计126条,当前数据为	101.4
总计126条,当前数据为	101.3
===================================================
总计126条,当前数据为	居住类居民消费价格指数(上年同月=100)
总计126条,当前数据为	102.2
总计126条,当前数据为	102.4
总计126条,当前数据为	102.5
总计126条,当前数据为	102.6
总计126条,当前数据为	102.5
总计126条,当前数据为	102.4
总计126条,当前数据为	102.3
总计126条,当前数据为	102.2
总计126条,当前数据为	102.2
总计126条,当前数据为	102.2
总计126条,当前数据为	102.2
总计126条,当前数据为	102.7
总计126条,当前数据为	102.8
===================================================
总计126条,当前数据为	生活用品及服务类居民消费价格指数(上年同月=100)
总计126条,当前数据为	101.4
总计126条,当前数据为	101.5
总计126条,当前数据为	101.5
总计126条,当前数据为	101.6
总计126条,当前数据为	101.6
总计126条,当前数据为	101.6
总计126条,当前数据为	101.5
总计126条,当前数据为	101.5
总计126条,当前数据为	101.5
总计126条,当前数据为	101.6
总计126条,当前数据为	101.8
总计126条,当前数据为	101.5
总计126条,当前数据为	101.6
==================================================================
总计126条,当前数据为	交通和通信类居民消费价格指数(上年同月=100)
总计126条,当前数据为	99.3
总计126条,当前数据为	101.6
总计126条,当前数据为	103.2
总计126条,当前数据为	102.8
总计126条,当前数据为	102.7
总计126条,当前数据为	103.0
总计126条,当前数据为	102.4
总计126条,当前数据为	101.8
总计126条,当前数据为	101.1
总计126条,当前数据为	100.3
总计126条,当前数据为	101.5
总计126条,当前数据为	100.2
总计126条,当前数据为	101.2
============================================================
总计126条,当前数据为	教育文化和娱乐类居民消费价格指数(上年同月=100)
总计126条,当前数据为	102.3
总计126条,当前数据为	102.5
总计126条,当前数据为	102.5
总计126条,当前数据为	102.2
总计126条,当前数据为	102.6
总计126条,当前数据为	102.3
总计126条,当前数据为	101.8
总计126条,当前数据为	101.9
总计126条,当前数据为	102.0
总计126条,当前数据为	102.2
总计126条,当前数据为	103.7
总计126条,当前数据为	100.9
总计126条,当前数据为	102.1
==================================================================
总计126条,当前数据为	医疗保健类居民消费价格指数(上年同月=100)
总计126条,当前数据为	102.5
总计126条,当前数据为	102.6
总计126条,当前数据为	102.6
总计126条,当前数据为	102.7
总计126条,当前数据为	104.3
总计126条,当前数据为	104.6
总计126条,当前数据为	105.0
总计126条,当前数据为	105.1
总计126条,当前数据为	105.2
总计126条,当前数据为	105.7
总计126条,当前数据为	106.0
总计126条,当前数据为	106.2
总计126条,当前数据为	106.6
=========================================================
总计126条,当前数据为	其他用品和服务类居民消费价格指数(上年同月=100)
总计126条,当前数据为	101.6
总计126条,当前数据为	101.5
总计126条,当前数据为	101.3
总计126条,当前数据为	100.7
总计126条,当前数据为	101.2
总计126条,当前数据为	101.2
总计126条,当前数据为	100.9
总计126条,当前数据为	101.0
总计126条,当前数据为	100.9
总计126条,当前数据为	101.2
总计126条,当前数据为	101.7
总计126条,当前数据为	101.2
总计126条,当前数据为	101.9
==================================================================
list index out of range
保存表格成功,当前时间为: 2019-01-16 13:22:03
打开网页
搜索成功
开始抓取
数据头为14条,当前数据为	指标
数据头为14条,当前数据为	2019年2月
数据头为14条,当前数据为	2019年1月
数据头为14条,当前数据为	2018年12月
数据头为14条,当前数据为	2018年11月
数据头为14条,当前数据为	2018年10月
数据头为14条,当前数据为	2018年9月
数据头为14条,当前数据为	2018年8月
数据头为14条,当前数据为	2018年7月
数据头为14条,当前数据为	2018年6月
数据头为14条,当前数据为	2018年5月
数据头为14条,当前数据为	2018年4月
数据头为14条,当前数据为	2018年3月
数据头为14条,当前数据为	2018年2月
================================================
总计126条,当前数据为	居民消费价格指数(上年同月=100)
总计126条,当前数据为	101.5
总计126条,当前数据为	101.7
总计126条,当前数据为	101.9
总计126条,当前数据为	102.2
总计126条,当前数据为	102.5
总计126条,当前数据为	102.5
总计126条,当前数据为	102.3
总计126条,当前数据为	102.1
总计126条,当前数据为	101.9
总计126条,当前数据为	101.8
总计126条,当前数据为	101.8
总计126条,当前数据为	102.1
总计126条,当前数据为	102.9
==========================================
总计126条,当前数据为	食品烟酒类居民消费价格指数(上年同月=100)
总计126条,当前数据为	101.2
总计126条,当前数据为	102.0
总计126条,当前数据为	102.4
总计126条,当前数据为	102.5
总计126条,当前数据为	102.9
总计126条,当前数据为	103.0
总计126条,当前数据为	101.9
总计126条,当前数据为	101.0
总计126条,当前数据为	100.8
总计126条,当前数据为	100.7
总计126条,当前数据为	101.1
总计126条,当前数据为	102.0
总计126条,当前数据为	103.6
=========================================================
总计126条,当前数据为	衣着类居民消费价格指数(上年同月=100)
总计126条,当前数据为	102.0
总计126条,当前数据为	101.6
总计126条,当前数据为	101.5
总计126条,当前数据为	101.4
总计126条,当前数据为	101.4
总计126条,当前数据为	101.2
总计126条,当前数据为	101.3
总计126条,当前数据为	101.2
总计126条,当前数据为	101.1
总计126条,当前数据为	101.1
总计126条,当前数据为	101.1
总计126条,当前数据为	101.1
总计126条,当前数据为	101.1
===================================================
总计126条,当前数据为	居住类居民消费价格指数(上年同月=100)
总计126条,当前数据为	102.2
总计126条,当前数据为	102.1
总计126条,当前数据为	102.2
总计126条,当前数据为	102.4
总计126条,当前数据为	102.5
总计126条,当前数据为	102.6
总计126条,当前数据为	102.5
总计126条,当前数据为	102.4
总计126条,当前数据为	102.3
总计126条,当前数据为	102.2
总计126条,当前数据为	102.2
总计126条,当前数据为	102.2
总计126条,当前数据为	102.2
===================================================
总计126条,当前数据为	生活用品及服务类居民消费价格指数(上年同月=100)
总计126条,当前数据为	101.3
总计126条,当前数据为	101.5
总计126条,当前数据为	101.4
总计126条,当前数据为	101.5
总计126条,当前数据为	101.5
总计126条,当前数据为	101.6
总计126条,当前数据为	101.6
总计126条,当前数据为	101.6
总计126条,当前数据为	101.5
总计126条,当前数据为	101.5
总计126条,当前数据为	101.5
总计126条,当前数据为	101.6
总计126条,当前数据为	101.8
==================================================================
总计126条,当前数据为	交通和通信类居民消费价格指数(上年同月=100)
总计126条,当前数据为	98.8
总计126条,当前数据为	98.7
总计126条,当前数据为	99.3
总计126条,当前数据为	101.6
总计126条,当前数据为	103.2
总计126条,当前数据为	102.8
总计126条,当前数据为	102.7
总计126条,当前数据为	103.0
总计126条,当前数据为	102.4
总计126条,当前数据为	101.8
总计126条,当前数据为	101.1
总计126条,当前数据为	100.3
总计126条,当前数据为	101.5
============================================================
总计126条,当前数据为	教育文化和娱乐类居民消费价格指数(上年同月=100)
总计126条,当前数据为	102.4
总计126条,当前数据为	102.9
总计126条,当前数据为	102.3
总计126条,当前数据为	102.5
总计126条,当前数据为	102.5
总计126条,当前数据为	102.2
总计126条,当前数据为	102.6
总计126条,当前数据为	102.3
总计126条,当前数据为	101.8
总计126条,当前数据为	101.9
总计126条,当前数据为	102.0
总计126条,当前数据为	102.2
总计126条,当前数据为	103.7
==================================================================
总计126条,当前数据为	医疗保健类居民消费价格指数(上年同月=100)
总计126条,当前数据为	102.8
总计126条,当前数据为	102.7
总计126条,当前数据为	102.5
总计126条,当前数据为	102.6
总计126条,当前数据为	102.6
总计126条,当前数据为	102.7
总计126条,当前数据为	104.3
总计126条,当前数据为	104.6
总计126条,当前数据为	105.0
总计126条,当前数据为	105.1
总计126条,当前数据为	105.2
总计126条,当前数据为	105.7
总计126条,当前数据为	106.0
=========================================================
总计126条,当前数据为	其他用品和服务类居民消费价格指数(上年同月=100)
总计126条,当前数据为	102.0
总计126条,当前数据为	102.3
总计126条,当前数据为	101.6
总计126条,当前数据为	101.5
总计126条,当前数据为	101.3
总计126条,当前数据为	100.7
总计126条,当前数据为	101.2
总计126条,当前数据为	101.2
总计126条,当前数据为	100.9
总计126条,当前数据为	101.0
总计126条,当前数据为	100.9
总计126条,当前数据为	101.2
总计126条,当前数据为	101.7
==================================================================
list index out of range
保存表格成功,当前时间为: 2019-03-25 10:05:25
